build/app/outputs/mapping/r8/release/mapping.txt
# compiler: R8
# compiler_version: 1.2.49
# min_api: 16
com.example.express_store.MainActivity -> com.example.express_store.MainActivity:
...
androidx.lifecycle.LifecycleObserver -> androidx.lifecycle.b:
androidx.lifecycle.LiveData$LifecycleBoundObserver -> androidx.lifecycle.LiveData$LifecycleBoundObserver:
androidx.lifecycle.LiveData$ObserverWrapper -> androidx.lifecycle.LiveData$a:
androidx.lifecycle.ReflectiveGenericLifecycleObserver -> androidx.lifecycle.ReflectiveGenericLifecycleObserver:
androidx.lifecycle.SingleGeneratedAdapterObserver -> androidx.lifecycle.SingleGeneratedAdapterObserver:
androidx.vectordrawable.graphics.drawable.AndroidResources -> a.g.a.a.a:
    int[] STYLEABLE_ANIMATED_VECTOR_DRAWABLE -> e
    int[] STYLEABLE_ANIMATED_VECTOR_DRAWABLE_TARGET -> f
    int[] STYLEABLE_ANIMATOR -> g
    int[] STYLEABLE_ANIMATOR_SET -> h
    int[] STYLEABLE_KEYFRAME -> j
    int[] STYLEABLE_PATH_INTERPOLATOR -> l
    int[] STYLEABLE_PROPERTY_ANIMATOR -> k
    int[] STYLEABLE_PROPERTY_VALUES_HOLDER -> i
    int[] STYLEABLE_VECTOR_DRAWABLE_CLIP_PATH -> d
    int[] STYLEABLE_VECTOR_DRAWABLE_GROUP -> b
    int[] STYLEABLE_VECTOR_DRAWABLE_PATH -> c
    int[] STYLEABLE_VECTOR_DRAWABLE_TYPE_ARRAY -> a
androidx.vectordrawable.graphics.drawable.Animatable2Compat -> a.g.a.a.b:
androidx.vectordrawable.graphics.drawable.AnimatedVectorDrawableCompat -> a.g.a.a.d:
    android.animation.Animator$AnimatorListener mAnimatorListener -> e
    android.animation.ArgbEvaluator mArgbEvaluator -> d
    android.content.Context mContext -> c
    android.graphics.drawable.Drawable$Callback mCallback -> g
    androidx.vectordrawable.graphics.drawable.AnimatedVectorDrawableCompat$AnimatedVectorDrawableCompatState mAnimatedVectorState -> b
    java.util.ArrayList mAnimationCallbacks -> f
    androidx.vectordrawable.graphics.drawable.AnimatedVectorDrawableCompat createFromXmlInner(android.content.Context,android.content.res.Resources,org.xmlpull.v1.XmlPullParser,android.util.AttributeSet,android.content.res.Resources$Theme) -> a
    void setupAnimatorsForTarget(java.lang.String,android.animation.Animator) -> a
    void setupColorAnimator(android.animation.Animator) -> a
androidx.vectordrawable.graphics.drawable.AnimatedVectorDrawableCompat$1 -> a.g.a.a.c:
    androidx.vectordrawable.graphics.drawable.AnimatedVectorDrawableCompat this$0 -> a
androidx.vectordrawable.graphics.drawable.AnimatedVectorDrawableCompat$AnimatedVectorDrawableCompatState -> a.g.a.a.d$a:
    android.animation.AnimatorSet mAnimatorSet -> c
    androidx.collection.ArrayMap mTargetNameMap -> e
    androidx.vectordrawable.graphics.drawable.VectorDrawableCompat mVectorDrawable -> b
    int mChangingConfigurations -> a
    java.util.ArrayList mAnimators -> d
    void setupAnimatorSet() -> a
androidx.vectordrawable.graphics.drawable.AnimatedVectorDrawableCompat$AnimatedVectorDrawableDelegateState -> a.g.a.a.d$b:
    android.graphics.drawable.Drawable$ConstantState mDelegateState -> a
androidx.vectordrawable.graphics.drawable.AnimationUtilsCompat -> a.g.a.a.e:
    android.view.animation.Interpolator createInterpolatorFromXml(android.content.Context,android.content.res.Resources,android.content.res.Resources$Theme,org.xmlpull.v1.XmlPullParser) -> a
    android.view.animation.Interpolator loadInterpolator(android.content.Context,int) -> a